Using pre-set license
Built from '2020.2/release' branch; Version is '2020.2.2f1 (068178b99f32) revision 426360'; Using compiler version '192528614'; Build Type 'Release'
OS: 'Windows 10 Home Single Language; OS build 19042.985; Version 2009; 64bit' Language: 'ru' Physical Memory: 8034 MB
BatchMode: 1, IsHumanControllingUs: 0, StartBugReporterOnCrash: 0, Is64bit: 1, IsPro: 0

 COMMAND LINE ARGUMENTS:
D:\Code\2020.2.2f1\Editor\Unity.exe
-adb2
-batchMode
-noUpm
-name
AssetImportWorker0
-projectPath
D:/Code/AstroDwarfs/ProjectAD
-logFile
Logs/AssetImportWorker0.log
-srvPort
8830
Successfully changed project path to: D:/Code/AstroDwarfs/ProjectAD
D:/Code/AstroDwarfs/ProjectAD
Using Asset Import Pipeline V2.
Refreshing native plugins compatible for Editor in 38.18 ms, found 1 plugins.
Preloading 0 native plugins for Editor in 0.00 ms.
Initialize engine version: 2020.2.2f1 (068178b99f32)
[Subsystems] Discovering subsystems at path D:/Code/2020.2.2f1/Editor/Data/Resources/UnitySubsystems
[Subsystems] Discovering subsystems at path D:/Code/AstroDwarfs/ProjectAD/Assets
GfxDevice: creating device client; threaded=0
Direct3D:
    Version:  Direct3D 11.0 [level 11.1]
    Renderer: NVIDIA GeForce GTX 1050 (ID=0x1c8d)
    Vendor:   
    VRAM:     4019 MB
    Driver:   27.21.14.6611
Initialize mono
Mono path[0] = 'D:/Code/2020.2.2f1/Editor/Data/Managed'
Mono path[1] = 'D:/Code/2020.2.2f1/Editor/Data/MonoBleedingEdge/lib/mono/unityjit'
Mono config path = 'D:/Code/2020.2.2f1/Editor/Data/MonoBleedingEdge/etc'
Using monoOptions --debugger-agent=transport=dt_socket,embedding=1,server=y,suspend=n,address=127.0.0.1:56788
Begin MonoManager ReloadAssembly
Registering precompiled unity dll's ...
Register platform support module: D:/Code/2020.2.2f1/Editor/Data/PlaybackEngines/WindowsStandaloneSupport/UnityEditor.WindowsStandalone.Extensions.dll
Registered in 0.001341 seconds.
Native extension for WindowsStandalone target not found
Refreshing native plugins compatible for Editor in 36.67 ms, found 1 plugins.
Preloading 0 native plugins for Editor in 0.00 ms.
Invoked RoslynAnalysisRunner static constructor.
RoslynAnalysisRunner will not be running.
RoslynAnalysisRunner has terminated.
Mono: successfully reloaded assembly
- Completed reload, in  0.861 seconds
Platform modules already initialized, skipping
Registering precompiled user dll's ...
Registered in 0.000691 seconds.
Begin MonoManager ReloadAssembly
Native extension for WindowsStandalone target not found
Refreshing native plugins compatible for Editor in 38.79 ms, found 1 plugins.
Preloading 0 native plugins for Editor in 0.00 ms.
Invoked RoslynAnalysisRunner static constructor.
RoslynAnalysisRunner will not be running.
RoslynAnalysisRunner has terminated.
Mono: successfully reloaded assembly
- Completed reload, in  0.915 seconds
Platform modules already initialized, skipping
========================================================================
Worker process is ready to serve import requests
Launched and connected shader compiler UnityShaderCompiler.exe after 0.19 seconds
Refreshing native plugins compatible for Editor in 0.35 ms, found 1 plugins.
Preloading 0 native plugins for Editor in 0.00 ms.
Unloading 1799 Unused Serialized files (Serialized files now loaded: 0)
System memory in use before: 84.3 MB.
System memory in use after: 84.3 MB.

Unloading 24 unused Assets to reduce memory usage. Loaded Objects now: 2240.
Total: 3.614600 ms (FindLiveObjects: 0.763500 ms CreateObjectMapping: 0.482900 ms MarkObjects: 2.236800 ms  DeleteObjects: 0.129800 ms)

========================================================================
Received Import Request.
  path: Assets/Structures
  artifactKey: Guid(6835ac15a2e34fd4daf31b1bd7bcd91f) Importer(815301076,1909f56bfc062723c751e8b465ee728b)
Start importing Assets/Structures using Guid(6835ac15a2e34fd4daf31b1bd7bcd91f) Importer(815301076,1909f56bfc062723c751e8b465ee728b)  -> (artifact id: '9d0ff95148f9ecd07dbb590167784ff6') in 0.038574 seconds
  Import took 0.079734 seconds .

========================================================================
Received Import Request.
  Time since last request: 7.325272 seconds.
  path: Assets/Structures/Stone.asset
  artifactKey: Guid(b7bb1e8f61a6e4842bc76d05a3ddad36) Importer(815301076,1909f56bfc062723c751e8b465ee728b)
Start importing Assets/Structures/Stone.asset using Guid(b7bb1e8f61a6e4842bc76d05a3ddad36) Importer(815301076,1909f56bfc062723c751e8b465ee728b)  -> (artifact id: '718f5fbc922a9b3ea5c6bdaee9cae3ee') in 0.059964 seconds
  Import took 0.098973 seconds .

========================================================================
Received Import Request.
  Time since last request: 155.829110 seconds.
  path: Assets/Editor.unity
  artifactKey: Guid(49433ce8ae9c8824bb1f3c82f54b73a3) Importer(815301076,1909f56bfc062723c751e8b465ee728b)
Start importing Assets/Editor.unity using Guid(49433ce8ae9c8824bb1f3c82f54b73a3) Importer(815301076,1909f56bfc062723c751e8b465ee728b)  -> (artifact id: '7cf2053c399af5237af06e040dbbfc7b') in 0.015637 seconds
  Import took 0.018800 seconds .

========================================================================
Received Prepare
Registering precompiled user dll's ...
Registered in 0.012373 seconds.
Begin MonoManager ReloadAssembly
Native extension for WindowsStandalone target not found
Refreshing native plugins compatible for Editor in 0.31 ms, found 1 plugins.
Preloading 0 native plugins for Editor in 0.00 ms.
Invoked RoslynAnalysisRunner static constructor.
RoslynAnalysisRunner will not be running.
RoslynAnalysisRunner has terminated.
Mono: successfully reloaded assembly
- Completed reload, in  0.814 seconds
Platform modules already initialized, skipping
Refreshing native plugins compatible for Editor in 0.39 ms, found 1 plugins.
Preloading 0 native plugins for Editor in 0.00 ms.
Unloading 1794 Unused Serialized files (Serialized files now loaded: 0)
System memory in use before: 84.3 MB.
System memory in use after: 84.3 MB.

Unloading 12 unused Assets to reduce memory usage. Loaded Objects now: 2243.
Total: 2.565300 ms (FindLiveObjects: 0.324700 ms CreateObjectMapping: 0.088100 ms MarkObjects: 2.052000 ms  DeleteObjects: 0.099300 ms)

========================================================================
Received Import Request.
  Time since last request: 39.734780 seconds.
  path: Assets/Mission.unity
  artifactKey: Guid(2cda990e2423bbf4892e6590ba056729) Importer(815301076,1909f56bfc062723c751e8b465ee728b)
Start importing Assets/Mission.unity using Guid(2cda990e2423bbf4892e6590ba056729) Importer(815301076,1909f56bfc062723c751e8b465ee728b)  -> (artifact id: '577ef98b68b0589b87ea72a2f8f14879') in 0.024788 seconds
  Import took 0.028260 seconds .

========================================================================
Received Prepare
Registering precompiled user dll's ...
Registered in 0.030182 seconds.
Begin MonoManager ReloadAssembly
Native extension for WindowsStandalone target not found
Refreshing native plugins compatible for Editor in 0.33 ms, found 1 plugins.
Preloading 0 native plugins for Editor in 0.00 ms.
Invoked RoslynAnalysisRunner static constructor.
RoslynAnalysisRunner will not be running.
RoslynAnalysisRunner has terminated.
Mono: successfully reloaded assembly
- Completed reload, in  0.731 seconds
Platform modules already initialized, skipping
Refreshing native plugins compatible for Editor in 0.36 ms, found 1 plugins.
Preloading 0 native plugins for Editor in 0.00 ms.
Unloading 1794 Unused Serialized files (Serialized files now loaded: 0)
System memory in use before: 84.4 MB.
System memory in use after: 84.4 MB.

Unloading 12 unused Assets to reduce memory usage. Loaded Objects now: 2246.
Total: 2.721700 ms (FindLiveObjects: 0.386400 ms CreateObjectMapping: 0.144600 ms MarkObjects: 2.075800 ms  DeleteObjects: 0.113500 ms)

AssetImportWorkerClient::OnTransportError - code=2 error=End of file
